{"target": 0.7117191280982919, "params": {"batch_size": 10.672769097245887, "gamma": 7.231212485077365, "lr": 0.00010113231069171439}, "datetime": {"datetime": "2023-11-23 08:42:48", "elapsed": 0.0, "delta": 0.0}}
{"target": 0.69197645560824, "params": {"batch_size": 8.837623494682068, "gamma": 1.5528833190894193, "lr": 0.0010141520882110983}, "datetime": {"datetime": "2023-11-23 09:01:17", "elapsed": 1108.856221, "delta": 1108.856221}}
{"target": 0.69197645560824, "params": {"batch_size": 6.9803496422541125, "gamma": 3.5210511977261727, "lr": 0.004027997994883633}, "datetime": {"datetime": "2023-11-23 09:21:25", "elapsed": 2317.003208, "delta": 1208.146987}}
{"target": 0.69197645560824, "params": {"batch_size": 12.621606560787715, "gamma": 4.250025692592619, "lr": 0.00688367305392792}, "datetime": {"datetime": "2023-11-23 09:51:16", "elapsed": 4108.190984, "delta": 1791.187776}}
{"target": 0.69197645560824, "params": {"batch_size": 7.271440447954011, "gamma": 8.79336262027036, "lr": 0.00037113717265946903}, "datetime": {"datetime": "2023-11-23 10:06:27", "elapsed": 5018.864351, "delta": 910.673367}}
{"target": 0.74842077597686, "params": {"batch_size": 14.728150630364615, "gamma": 4.231317543434557, "lr": 0.005631029301612942}, "datetime": {"datetime": "2023-11-23 10:37:51", "elapsed": 6903.733294, "delta": 1884.868943}}
{"target": 0.7626021784013609, "params": {"batch_size": 6.246331404462335, "gamma": 2.0612047419403, "lr": 0.008027371229887814}, "datetime": {"datetime": "2023-11-23 11:02:40", "elapsed": 8392.444179, "delta": 1488.710885}}
{"target": 0.7626021784013609, "params": {"batch_size": 19.493153473086082, "gamma": 3.2028993637765044, "lr": 0.0069539938951262105}, "datetime": {"datetime": "2023-11-23 11:15:54", "elapsed": 9186.337262, "delta": 793.893083}}
{"target": 0.7626021784013609, "params": {"batch_size": 18.023102825888913, "gamma": 8.956605968688088, "lr": 0.0009419376925608015}, "datetime": {"datetime": "2023-11-23 11:37:12", "elapsed": 10464.766997, "delta": 1278.429735}}
{"target": 0.7626021784013609, "params": {"batch_size": 4.624915586509351, "gamma": 1.7813211536892324, "lr": 0.00879361078395119}, "datetime": {"datetime": "2023-11-23 12:18:22", "elapsed": 12933.976331, "delta": 2469.209334}}
{"target": 0.7626021784013609, "params": {"batch_size": 10.0138219326101, "gamma": 7.9197974967576545, "lr": 0.007767024330743347}, "datetime": {"datetime": "2023-11-23 12:41:01", "elapsed": 14293.390005, "delta": 1359.413674}}
{"target": 0.7626021784013609, "params": {"batch_size": 12.517299022998994, "gamma": 7.895101687148888, "lr": 0.0018315077703294047}, "datetime": {"datetime": "2023-11-23 12:57:18", "elapsed": 15270.765665, "delta": 977.37566}}
{"target": 0.7626021784013609, "params": {"batch_size": 13.534106965447497, "gamma": 2.684146592176617, "lr": 0.007492616664569166}, "datetime": {"datetime": "2023-11-23 13:13:39", "elapsed": 16251.055253, "delta": 980.289588}}
{"target": 0.7626021784013609, "params": {"batch_size": 18.079715950566772, "gamma": 8.987079653600876, "lr": 0.009969245439417487}, "datetime": {"datetime": "2023-11-23 13:27:58", "elapsed": 17110.646291, "delta": 859.591038}}
{"target": 0.7626021784013609, "params": {"batch_size": 5.549101491045116, "gamma": 1.4328600417370172, "lr": 0.007448426203082954}, "datetime": {"datetime": "2023-11-23 13:42:55", "elapsed": 18006.866804, "delta": 896.220513}}
{"target": 0.7626021784013609, "params": {"batch_size": 9.932035891761924, "gamma": 8.902291662339127, "lr": 0.002212886171939421}, "datetime": {"datetime": "2023-11-23 13:57:51", "elapsed": 18903.248606, "delta": 896.381802}}
{"target": 0.7626021784013609, "params": {"batch_size": 14.694756410918108, "gamma": 2.21562340651608, "lr": 0.007602352779966171}, "datetime": {"datetime": "2023-11-23 14:13:07", "elapsed": 19819.744029, "delta": 916.495423}}
{"target": 0.7626021784013609, "params": {"batch_size": 13.626668534849944, "gamma": 1.214801537662601, "lr": 0.008224633973873206}, "datetime": {"datetime": "2023-11-23 14:50:13", "elapsed": 22045.003755, "delta": 2225.259726}}
{"target": 0.7626021784013609, "params": {"batch_size": 12.241977662051136, "gamma": 9.40974280910974, "lr": 0.008011802853448878}, "datetime": {"datetime": "2023-11-23 15:05:23", "elapsed": 22955.413256, "delta": 910.409501}}
{"target": 0.7626021784013609, "params": {"batch_size": 13.76905805625338, "gamma": 8.760389596929391, "lr": 0.00973804550975568}, "datetime": {"datetime": "2023-11-23 15:18:16", "elapsed": 23728.745005, "delta": 773.331749}}
{"target": 0.7626021784013609, "params": {"batch_size": 17.706657116509657, "gamma": 3.0795671783172107, "lr": 0.007026025105155616}, "datetime": {"datetime": "2023-11-23 15:42:02", "elapsed": 25154.00632, "delta": 1425.261315}}
{"target": 0.7626021784013609, "params": {"batch_size": 18.482310495060062, "gamma": 4.6822950679163, "lr": 0.0006581364563735751}, "datetime": {"datetime": "2023-11-23 15:55:08", "elapsed": 25940.228027, "delta": 786.221707}}
{"target": 0.7626021784013609, "params": {"batch_size": 18.62150690971523, "gamma": 7.123865446121555, "lr": 0.004469057258551154}, "datetime": {"datetime": "2023-11-23 16:09:28", "elapsed": 26799.923301, "delta": 859.695274}}
{"target": 0.7626021784013609, "params": {"batch_size": 17.00688779334393, "gamma": 6.08930905087303, "lr": 0.01}, "datetime": {"datetime": "2023-11-23 16:26:11", "elapsed": 27803.522285, "delta": 1003.598984}}
{"target": 0.7626021784013609, "params": {"batch_size": 15.805138813243705, "gamma": 7.711441499204724, "lr": 0.00771914605587362}, "datetime": {"datetime": "2023-11-23 16:39:12", "elapsed": 28584.165175, "delta": 780.64289}}
{"target": 0.7626021784013609, "params": {"batch_size": 15.827810815486854, "gamma": 9.767783633943854, "lr": 0.01}, "datetime": {"datetime": "2023-11-23 17:03:40", "elapsed": 30052.497457, "delta": 1468.332282}}
{"target": 0.7626021784013609, "params": {"batch_size": 18.713406905806078, "gamma": 1.3091910390247512, "lr": 0.0001}, "datetime": {"datetime": "2023-11-23 17:32:04", "elapsed": 31756.355177, "delta": 1703.85772}}
{"target": 0.7626021784013609, "params": {"batch_size": 16.712025972422605, "gamma": 1.0828648961568859, "lr": 0.01}, "datetime": {"datetime": "2023-11-23 17:47:23", "elapsed": 32675.060986, "delta": 918.705809}}
{"target": 0.7626021784013609, "params": {"batch_size": 19.97199629332535, "gamma": 5.774852271689929, "lr": 0.005348872486129425}, "datetime": {"datetime": "2023-11-23 18:01:48", "elapsed": 33540.012914, "delta": 864.951928}}
