{"target": 0.7002590656377167, "params": {"batch_size": 16.310144268984473, "dropout_rate": 0.06642198147721046, "gamma": 9.304540625064227, "kernel_size": 6.638169489072821, "lr": 0.008995048019258649, "num_filters": 4.355183602278066}, "datetime": {"datetime": "2024-01-01 01:54:27", "elapsed": 0.0, "delta": 0.0}}
{"target": 0.7352122552325485, "params": {"batch_size": 5.019322968738095, "dropout_rate": 0.2918682570119281, "gamma": 9.02165354561404, "kernel_size": 6.511572012974651, "lr": 0.001442730282650496, "num_filters": 5.414992588994611}, "datetime": {"datetime": "2024-01-01 02:43:04", "elapsed": 2917.714069, "delta": 2917.714069}}
{"target": 0.5929735830722557, "params": {"batch_size": 8.95988283913767, "dropout_rate": 0.1383692279030982, "gamma": 6.695070516092245, "kernel_size": 4.580772414231125, "lr": 0.005978072759792229, "num_filters": 4.794164256874752}, "datetime": {"datetime": "2024-01-01 03:17:15", "elapsed": 4968.573303, "delta": 2050.859234}}
{"target": 0.5875125853852544, "params": {"batch_size": 10.344782075657015, "dropout_rate": 0.24657061798871144, "gamma": 2.6971828123243435, "kernel_size": 6.779007603900581, "lr": 0.0025075338414996674, "num_filters": 4.848351623415987}, "datetime": {"datetime": "2024-01-01 04:17:46", "elapsed": 8599.029499, "delta": 3630.456196}}
{"target": 0.6589017017208073, "params": {"batch_size": 15.304685573228529, "dropout_rate": 0.4724487767708799, "gamma": 6.461164433613325, "kernel_size": 5.475451814366837, "lr": 0.006379165810580985, "num_filters": 3.942091700220447}, "datetime": {"datetime": "2024-01-01 05:07:31", "elapsed": 11584.162007, "delta": 2985.132508}}
{"target": 0.7160070880347872, "params": {"batch_size": 6.671097387715763, "dropout_rate": 0.44753481617847274, "gamma": 8.202716085818443, "kernel_size": 5.5935536688896, "lr": 0.001792606784407193, "num_filters": 5.622430360138979}, "datetime": {"datetime": "2024-01-01 06:37:39", "elapsed": 16992.29678, "delta": 5408.134773}}
{"target": 0.7670432697749413, "params": {"batch_size": 4.870017975845363, "dropout_rate": 0.3334090594712512, "gamma": 2.7912531910169323, "kernel_size": 6.623882697722508, "lr": 0.0021371368563671963, "num_filters": 5.732656276083878}, "datetime": {"datetime": "2024-01-01 07:48:22", "elapsed": 21234.777793, "delta": 4242.481013}}
{"target": 0.7171760570593008, "params": {"batch_size": 4.933076858248719, "dropout_rate": 0.38110579125353544, "gamma": 2.9123913647810307, "kernel_size": 6.79346736597263, "lr": 0.007568396891720926, "num_filters": 5.17802080825224}, "datetime": {"datetime": "2024-01-01 09:04:04", "elapsed": 25777.084848, "delta": 4542.307055}}
{"target": 0.7803356665294582, "params": {"batch_size": 4.5050502609852145, "dropout_rate": 0.5, "gamma": 3.142696868143938, "kernel_size": 6.479025139401458, "lr": 0.0001, "num_filters": 6.023457170529625}, "datetime": {"datetime": "2024-01-01 11:09:46", "elapsed": 33319.605282, "delta": 7542.520434}}
{"target": 0.6834759490528078, "params": {"batch_size": 4.80959097497027, "dropout_rate": 0.10528356833402364, "gamma": 2.7081013849914264, "kernel_size": 6.708092521903935, "lr": 0.009574786012843535, "num_filters": 5.503415552216592}, "datetime": {"datetime": "2024-01-01 12:18:08", "elapsed": 37421.01467, "delta": 4101.409388}}
{"target": 0.6827030963837711, "params": {"batch_size": 4.489884385062432, "dropout_rate": 0.37615562802296754, "gamma": 4.737857926639952, "kernel_size": 6.900795298099141, "lr": 0.005620976275947126, "num_filters": 3.074590213289294}, "datetime": {"datetime": "2024-01-01 13:10:34", "elapsed": 40567.517182, "delta": 3146.502512}}
{"target": 0.7198560587542927, "params": {"batch_size": 4.782337040933003, "dropout_rate": 0.5, "gamma": 3.0712117903957608, "kernel_size": 6.144183027675204, "lr": 0.0001, "num_filters": 5.708606796529813}, "datetime": {"datetime": "2024-01-01 15:00:23", "elapsed": 47156.567303, "delta": 6589.050121}}
{"target": 0.7036128116541139, "params": {"batch_size": 10.868370633554068, "dropout_rate": 0.3215307410133239, "gamma": 8.16861268157585, "kernel_size": 5.620994745123344, "lr": 0.007012145168808344, "num_filters": 5.462722826615977}, "datetime": {"datetime": "2024-01-01 16:15:26", "elapsed": 51658.846549, "delta": 4502.279246}}
{"target": 0.6874579085390327, "params": {"batch_size": 16.206436398044936, "dropout_rate": 0.1857837167465597, "gamma": 4.4552745644719, "kernel_size": 4.2817209525926785, "lr": 0.005520797439711249, "num_filters": 4.168764541294639}, "datetime": {"datetime": "2024-01-01 17:13:20", "elapsed": 55132.820495, "delta": 3473.973946}}
{"target": 0.7504705966794819, "params": {"batch_size": 5.0724908395014126, "dropout_rate": 0.13513748774676182, "gamma": 3.617281879315695, "kernel_size": 6.770899711185567, "lr": 0.005482217871004584, "num_filters": 6.076589506851965}, "datetime": {"datetime": "2024-01-01 18:59:11", "elapsed": 61484.119001, "delta": 6351.298506}}
{"target": 0.667845514670936, "params": {"batch_size": 6.240988103635793, "dropout_rate": 0.47138660236981994, "gamma": 6.631783120996097, "kernel_size": 5.894183445387656, "lr": 0.008618015338852713, "num_filters": 3.2408525146042213}, "datetime": {"datetime": "2024-01-01 19:37:59", "elapsed": 63812.390066, "delta": 2328.271065}}
{"target": 0.7651125056524618, "params": {"batch_size": 4.824509578752772, "dropout_rate": 0.5, "gamma": 3.07444863095861, "kernel_size": 6.942618347237673, "lr": 0.0001, "num_filters": 6.077431373985932}, "datetime": {"datetime": "2024-01-01 21:23:11", "elapsed": 70124.349895, "delta": 6311.959829}}
{"target": 0.6862523130651202, "params": {"batch_size": 7.620415779353358, "dropout_rate": 0.34034362330459755, "gamma": 4.628066909151372, "kernel_size": 6.348258301648955, "lr": 0.004631621580437954, "num_filters": 4.021370544820622}, "datetime": {"datetime": "2024-01-01 22:49:06", "elapsed": 75279.391055, "delta": 5155.04116}}
{"target": 0.6689898028046614, "params": {"batch_size": 13.457079421503387, "dropout_rate": 0.07728859084857775, "gamma": 9.736154679073959, "kernel_size": 4.23631670041465, "lr": 0.00133593211965027, "num_filters": 3.9328955084335573}, "datetime": {"datetime": "2024-01-01 23:35:00", "elapsed": 78033.269141, "delta": 2753.878086}}
{"target": 0.6964476441375286, "params": {"batch_size": 16.99100728515286, "dropout_rate": 0.01068058568458774, "gamma": 8.364432177842943, "kernel_size": 5.137877737923941, "lr": 0.004868532399493542, "num_filters": 5.094650463283146}, "datetime": {"datetime": "2024-01-02 00:18:31", "elapsed": 80644.082885, "delta": 2610.813744}}
{"target": 0.6753486749944969, "params": {"batch_size": 9.922317251944406, "dropout_rate": 0.4699970847862578, "gamma": 3.4471882199484236, "kernel_size": 6.202118952444128, "lr": 0.002170964517445799, "num_filters": 4.443191037007293}, "datetime": {"datetime": "2024-01-02 01:28:34", "elapsed": 84846.973967, "delta": 4202.891082}}
{"target": 0.6317389749922814, "params": {"batch_size": 8.006659557342264, "dropout_rate": 0.14829184110826754, "gamma": 3.0176281211388423, "kernel_size": 5.423825207055758, "lr": 0.0017266637752929733, "num_filters": 3.192197022860827}, "datetime": {"datetime": "2024-01-02 02:10:49", "elapsed": 87381.768581, "delta": 2534.794614}}
{"target": 0.7482991230715021, "params": {"batch_size": 6.420006062655331, "dropout_rate": 0.4355984000274785, "gamma": 7.234224967569157, "kernel_size": 5.833616052858464, "lr": 0.0036966394977864915, "num_filters": 5.469523080652277}, "datetime": {"datetime": "2024-01-02 03:18:57", "elapsed": 91469.86377, "delta": 4088.095189}}
{"target": 0.6950113715684082, "params": {"batch_size": 6.748188542367535, "dropout_rate": 0.5, "gamma": 7.380449341742498, "kernel_size": 5.269313473538711, "lr": 0.01, "num_filters": 5.204509226049434}, "datetime": {"datetime": "2024-01-02 04:06:18", "elapsed": 94311.174841, "delta": 2841.311071}}
{"target": 0.7197529310876042, "params": {"batch_size": 9.042208328928671, "dropout_rate": 0.1033595102666548, "gamma": 4.687338944779712, "kernel_size": 6.167341654892966, "lr": 0.0029726391827610476, "num_filters": 4.272444569471292}, "datetime": {"datetime": "2024-01-02 05:20:36", "elapsed": 98769.654976, "delta": 4458.480135}}
{"target": 0.6465564599080962, "params": {"batch_size": 17.01470611316361, "dropout_rate": 0.45417876759305087, "gamma": 3.2499817526042802, "kernel_size": 3.1450128313145593, "lr": 0.007350231227570048, "num_filters": 4.732951222869691}, "datetime": {"datetime": "2024-01-02 06:24:52", "elapsed": 102625.696242, "delta": 3856.041266}}
{"target": 0.7996095861837306, "params": {"batch_size": 4.404842440259377, "dropout_rate": 0.5, "gamma": 3.613762034986689, "kernel_size": 6.8441824126384985, "lr": 0.0001, "num_filters": 6.013176191850352}, "datetime": {"datetime": "2024-01-02 08:15:48", "elapsed": 109280.851486, "delta": 6655.155244}}
{"target": 0.6666223561080641, "params": {"batch_size": 13.55373167423206, "dropout_rate": 0.10101499679261694, "gamma": 5.943324617411883, "kernel_size": 6.35909307021118, "lr": 0.008793228769691585, "num_filters": 3.060702330856428}, "datetime": {"datetime": "2024-01-02 09:04:14", "elapsed": 112187.449186, "delta": 2906.5977}}
{"target": 0.7018724931632528, "params": {"batch_size": 6.412620148778585, "dropout_rate": 0.4359092352553535, "gamma": 6.358363510298054, "kernel_size": 4.704684325634933, "lr": 0.005820518096067569, "num_filters": 4.637695148771634}, "datetime": {"datetime": "2024-01-02 09:51:40", "elapsed": 115033.064774, "delta": 2845.615588}}
{"target": 0.5912671548535848, "params": {"batch_size": 16.673339255737993, "dropout_rate": 0.47642450695607536, "gamma": 3.1592454081401318, "kernel_size": 4.809424449921425, "lr": 0.008137311572439972, "num_filters": 3.0845572170383986}, "datetime": {"datetime": "2024-01-02 10:31:46", "elapsed": 117439.510719, "delta": 2406.445945}}
{"target": 0.5410843675864899, "params": {"batch_size": 4.551791975915453, "dropout_rate": 0.5, "gamma": 3.8700089383644087, "kernel_size": 6.424310291926616, "lr": 0.01, "num_filters": 6.1}, "datetime": {"datetime": "2024-01-02 11:56:27", "elapsed": 122520.160745, "delta": 5080.650026}}
{"target": 0.7136380143929245, "params": {"batch_size": 4.80974760585903, "dropout_rate": 0.16541196789904455, "gamma": 2.7862034652697103, "kernel_size": 6.462771619161021, "lr": 0.002205414617569345, "num_filters": 6.016892232914708}, "datetime": {"datetime": "2024-01-02 13:26:59", "elapsed": 127952.689675, "delta": 5432.52893}}
{"target": 0.680848333657539, "params": {"batch_size": 19.564301962787958, "dropout_rate": 0.2827306958999907, "gamma": 8.741690199164502, "kernel_size": 5.540417406744574, "lr": 0.0070778014885326266, "num_filters": 3.8531922503454052}, "datetime": {"datetime": "2024-01-02 14:20:00", "elapsed": 131133.109892, "delta": 3180.420217}}
{"target": 0.7093543276239775, "params": {"batch_size": 10.553843805218685, "dropout_rate": 0.19264593610048308, "gamma": 5.301910882044402, "kernel_size": 6.055204348118734, "lr": 0.008185939245335401, "num_filters": 5.972527105502941}, "datetime": {"datetime": "2024-01-02 15:32:55", "elapsed": 135508.128155, "delta": 4375.018263}}
{"target": 0.703253609727775, "params": {"batch_size": 19.691098274225126, "dropout_rate": 0.0682833457671217, "gamma": 4.271166685698008, "kernel_size": 6.142501198620508, "lr": 0.0007088868563809239, "num_filters": 4.189598432002738}, "datetime": {"datetime": "2024-01-02 16:44:17", "elapsed": 139790.597502, "delta": 4282.469347}}
{"target": 0.6919976174997214, "params": {"batch_size": 15.016172027274974, "dropout_rate": 0.45438851835987276, "gamma": 6.571181627678009, "kernel_size": 4.192469151215734, "lr": 0.00031262856741068654, "num_filters": 3.9055769966678224}, "datetime": {"datetime": "2024-01-02 17:48:22", "elapsed": 143634.979039, "delta": 3844.381537}}
{"target": 0.7088280442188615, "params": {"batch_size": 13.805777782408395, "dropout_rate": 0.057747713907626286, "gamma": 3.0353058289096513, "kernel_size": 5.881698169724006, "lr": 0.008545787065664943, "num_filters": 4.842151356203758}, "datetime": {"datetime": "2024-01-02 18:39:10", "elapsed": 146682.989274, "delta": 3048.010235}}
{"target": 0.7510575920058176, "params": {"batch_size": 15.170538589251366, "dropout_rate": 0.17413859052537034, "gamma": 9.408023506944966, "kernel_size": 4.651383182223734, "lr": 0.0036465892457565774, "num_filters": 5.5564888820332445}, "datetime": {"datetime": "2024-01-02 19:22:19", "elapsed": 149272.348798, "delta": 2589.359524}}
{"target": 0.6987317292816293, "params": {"batch_size": 7.496071537681459, "dropout_rate": 0.30645519656086667, "gamma": 2.7948634925907054, "kernel_size": 5.716550158864884, "lr": 0.004208851384411284, "num_filters": 4.474859309807145}, "datetime": {"datetime": "2024-01-02 20:27:14", "elapsed": 153166.835483, "delta": 3894.486685}}
{"target": 0.6985388989928993, "params": {"batch_size": 12.202887824080353, "dropout_rate": 0.2294558289729478, "gamma": 9.721320826217024, "kernel_size": 6.525554340607872, "lr": 0.009217101618707355, "num_filters": 4.1455862995748785}, "datetime": {"datetime": "2024-01-02 21:36:50", "elapsed": 157342.911214, "delta": 4176.075731}}
{"target": 0.7422835594481881, "params": {"batch_size": 4.469299021958331, "dropout_rate": 0.47068912091682963, "gamma": 3.292495210022108, "kernel_size": 6.864208370592298, "lr": 0.0001, "num_filters": 5.865258316718134}, "datetime": {"datetime": "2024-01-02 23:09:33", "elapsed": 162905.800671, "delta": 5562.889457}}
{"target": 0.6821883731266339, "params": {"batch_size": 6.036931705088799, "dropout_rate": 0.4595831336074428, "gamma": 5.473215916065025, "kernel_size": 3.2973751407358547, "lr": 0.003440559886877752, "num_filters": 5.989073767883213}, "datetime": {"datetime": "2024-01-02 23:41:32", "elapsed": 164824.77893, "delta": 1918.978259}}
{"target": 0.7460497421568176, "params": {"batch_size": 4.77230624069378, "dropout_rate": 0.18179143895743116, "gamma": 3.3354492911192377, "kernel_size": 6.852375553817043, "lr": 0.0031933248641512653, "num_filters": 5.916463511883165}, "datetime": {"datetime": "2024-01-03 01:06:53", "elapsed": 169946.138253, "delta": 5121.359323}}
{"target": 0.5881564367901709, "params": {"batch_size": 14.154666782507725, "dropout_rate": 0.0715457053762148, "gamma": 8.621703416550488, "kernel_size": 3.5168257632850004, "lr": 0.0039647920553347845, "num_filters": 3.815142836418934}, "datetime": {"datetime": "2024-01-03 01:38:20", "elapsed": 171833.067213, "delta": 1886.92896}}
{"target": 0.6470580082073869, "params": {"batch_size": 4.044590351225612, "dropout_rate": 0.26425330284589177, "gamma": 3.954193277130254, "kernel_size": 3.110822159707485, "lr": 0.0016500893671159485, "num_filters": 3.5757506604669884}, "datetime": {"datetime": "2024-01-03 01:59:09", "elapsed": 173082.131759, "delta": 1249.064546}}
{"target": 0.7221935112296882, "params": {"batch_size": 11.997099564953562, "dropout_rate": 0.4605572378455579, "gamma": 6.574569376318616, "kernel_size": 6.687975420480018, "lr": 0.009131739344411999, "num_filters": 5.995430195334127}, "datetime": {"datetime": "2024-01-03 03:38:04", "elapsed": 179016.776812, "delta": 5934.645053}}
{"target": 0.7422299648424354, "params": {"batch_size": 9.877707192858242, "dropout_rate": 0.006231711624754277, "gamma": 8.862678127372142, "kernel_size": 5.096400195583113, "lr": 0.002115130859498726, "num_filters": 5.132512750597188}, "datetime": {"datetime": "2024-01-03 04:21:57", "elapsed": 181650.628686, "delta": 2633.851874}}
{"target": 0.6592504605317188, "params": {"batch_size": 11.120867368020512, "dropout_rate": 0.08934657665750467, "gamma": 4.004789978949436, "kernel_size": 6.977661373507416, "lr": 0.0060059570415051736, "num_filters": 3.6454121425487274}, "datetime": {"datetime": "2024-01-03 05:01:24", "elapsed": 184017.406702, "delta": 2366.778016}}
{"target": 0.7449519221368752, "params": {"batch_size": 5.524477545685673, "dropout_rate": 0.2957545350477446, "gamma": 3.3631979552937175, "kernel_size": 6.208661732134397, "lr": 0.0026705507046657037, "num_filters": 5.68966494714196}, "datetime": {"datetime": "2024-01-03 06:47:33", "elapsed": 190386.31086, "delta": 6368.904158}}
{"target": 0.752564337166106, "params": {"batch_size": 4.860516745667985, "dropout_rate": 0.5, "gamma": 3.11194207089542, "kernel_size": 6.6111819066838775, "lr": 0.0001, "num_filters": 5.8721654570570205}, "datetime": {"datetime": "2024-01-03 07:46:12", "elapsed": 193905.422602, "delta": 3519.111742}}
{"target": 0.7274718943389741, "params": {"batch_size": 5.194383587162355, "dropout_rate": 0.4543735626991776, "gamma": 3.534442333261807, "kernel_size": 6.786901889656419, "lr": 0.006531856770965007, "num_filters": 5.589529422421146}, "datetime": {"datetime": "2024-01-03 09:15:47", "elapsed": 199279.930502, "delta": 5374.5079}}
{"target": 0.7104991155550785, "params": {"batch_size": 4.481994166146594, "dropout_rate": 0.4667695667766947, "gamma": 2.89069142880097, "kernel_size": 6.640266415783458, "lr": 0.0017288494497877233, "num_filters": 5.767546598134759}, "datetime": {"datetime": "2024-01-03 10:38:39", "elapsed": 204252.661825, "delta": 4972.731323}}
{"target": 0.6892183872648396, "params": {"batch_size": 14.055874194263044, "dropout_rate": 0.07047757058190501, "gamma": 8.987394596419282, "kernel_size": 4.188286733135312, "lr": 0.004590228472985487, "num_filters": 5.6676012895769885}, "datetime": {"datetime": "2024-01-03 11:10:27", "elapsed": 206160.396426, "delta": 1907.734601}}
{"target": 0.7378798572306771, "params": {"batch_size": 4.8092459759687385, "dropout_rate": 0.3353113818716406, "gamma": 3.2248159028031997, "kernel_size": 6.552646895735872, "lr": 0.00602508855325951, "num_filters": 6.0227648501208435}, "datetime": {"datetime": "2024-01-03 13:13:08", "elapsed": 213521.460131, "delta": 7361.063705}}
{"target": 0.7673440997564819, "params": {"batch_size": 6.449324081224911, "dropout_rate": 0.43095174635207617, "gamma": 7.677042414589032, "kernel_size": 5.890883060159299, "lr": 0.0013840905790388001, "num_filters": 5.45953829230779}, "datetime": {"datetime": "2024-01-03 13:49:45", "elapsed": 215718.067995, "delta": 2196.607864}}
{"target": 0.6598440099068158, "params": {"batch_size": 18.0654775716847, "dropout_rate": 0.47662996918840306, "gamma": 5.773834342803802, "kernel_size": 5.540107003398811, "lr": 0.002805319183573557, "num_filters": 3.2626231993201773}, "datetime": {"datetime": "2024-01-03 14:24:53", "elapsed": 217826.424379, "delta": 2108.356384}}
