{"target": 0.6618677355279213, "params": {"batch_size": 4.164470631929489, "dropout_rate": 0.4086814468894188, "gamma": 5.575359778579955, "kernel_size": 4.97472015909569, "lr": 0.006560445390752022, "num_filters": 3.0011645278461745}, "datetime": {"datetime": "2023-12-05 14:31:59", "elapsed": 0.0, "delta": 0.0}}
{"target": 0.7396299779275362, "params": {"batch_size": 13.617788990669723, "dropout_rate": 0.23832522558745595, "gamma": 3.561745544515137, "kernel_size": 6.5807854369293, "lr": 0.009974291540655182, "num_filters": 4.042123313648758}, "datetime": {"datetime": "2023-12-05 15:33:16", "elapsed": 3677.112966, "delta": 3677.112966}}
{"target": 0.7038903659886215, "params": {"batch_size": 7.796556547029924, "dropout_rate": 0.36391118311780973, "gamma": 9.582981023445392, "kernel_size": 5.704223151764252, "lr": 0.005080461358036679, "num_filters": 3.468051379746542}, "datetime": {"datetime": "2023-12-05 16:32:43", "elapsed": 7244.015392, "delta": 3566.902426}}
{"target": 0.6664056394388678, "params": {"batch_size": 9.496895383021982, "dropout_rate": 0.42464750429768705, "gamma": 4.316998603559056, "kernel_size": 5.358928779209554, "lr": 0.009367864769154263, "num_filters": 5.558016317605692}, "datetime": {"datetime": "2023-12-05 17:49:46", "elapsed": 11866.828407, "delta": 4622.813015}}
{"target": 0.773652900817288, "params": {"batch_size": 6.946444811014469, "dropout_rate": 0.46681690510365015, "gamma": 8.13133298261613, "kernel_size": 5.979828716101897, "lr": 0.0018490801637115525, "num_filters": 5.137519841186668}, "datetime": {"datetime": "2023-12-05 18:54:46", "elapsed": 15766.920767, "delta": 3900.09236}}
{"target": 0.6561868670648526, "params": {"batch_size": 14.632614348922122, "dropout_rate": 0.09826666134816936, "gamma": 5.968016645055246, "kernel_size": 4.221544288528076, "lr": 0.006511107516204782, "num_filters": 3.0018250656867917}, "datetime": {"datetime": "2023-12-05 19:22:10", "elapsed": 17411.253541, "delta": 1644.332774}}
{"target": 0.6747455426344682, "params": {"batch_size": 9.382393970809622, "dropout_rate": 0.00460942734588915, "gamma": 4.1312561501031775, "kernel_size": 4.0025772562949875, "lr": 0.009779402601231064, "num_filters": 3.4277957805912735}, "datetime": {"datetime": "2023-12-05 20:01:24", "elapsed": 19765.219053, "delta": 2353.965512}}
{"target": 0.726161074272618, "params": {"batch_size": 15.747142323805846, "dropout_rate": 0.131738465086143, "gamma": 5.02487341887887, "kernel_size": 6.605549854880314, "lr": 0.002934179386110324, "num_filters": 5.028412075637213}, "datetime": {"datetime": "2023-12-05 20:54:50", "elapsed": 22971.277848, "delta": 3206.058795}}
{"target": 0.688187940686106, "params": {"batch_size": 7.066393715643241, "dropout_rate": 0.08622818184672032, "gamma": 2.451996876440444, "kernel_size": 4.258236834309997, "lr": 0.004521480326218089, "num_filters": 5.42392225108387}, "datetime": {"datetime": "2023-12-05 21:53:59", "elapsed": 26520.204615, "delta": 3548.926767}}
{"target": 0.7011001780018545, "params": {"batch_size": 8.425884445917617, "dropout_rate": 0.17857124233044636, "gamma": 6.275983359726101, "kernel_size": 6.778386814993704, "lr": 0.0006732254928474421, "num_filters": 4.487316674146935}, "datetime": {"datetime": "2023-12-05 23:05:33", "elapsed": 30813.78284, "delta": 4293.578225}}
{"target": 0.6941343648986881, "params": {"batch_size": 19.84380246499761, "dropout_rate": 0.18688290108422295, "gamma": 5.281794978442815, "kernel_size": 4.403351396764707, "lr": 0.008823020472143547, "num_filters": 4.4791904325036045}, "datetime": {"datetime": "2023-12-05 23:46:45", "elapsed": 33285.74588, "delta": 2471.96304}}
{"target": 0.6999988201053249, "params": {"batch_size": 12.946629369570058, "dropout_rate": 0.09650361723798567, "gamma": 7.225994941604227, "kernel_size": 3.89654039535379, "lr": 0.0032021902669747515, "num_filters": 5.714233648826456}, "datetime": {"datetime": "2023-12-06 00:38:25", "elapsed": 36385.960161, "delta": 3100.214281}}
{"target": 0.6643423687542768, "params": {"batch_size": 12.189562628346366, "dropout_rate": 0.17745321876823678, "gamma": 3.7838362283573863, "kernel_size": 4.953349942887826, "lr": 0.0002992717283728316, "num_filters": 3.7666230699552403}, "datetime": {"datetime": "2023-12-06 01:47:21", "elapsed": 40521.906688, "delta": 4135.946527}}
{"target": 0.7851857871532428, "params": {"batch_size": 4.583625315477057, "dropout_rate": 0.3347332978752866, "gamma": 3.6828389680214997, "kernel_size": 6.640183427458821, "lr": 0.00022158286856828585, "num_filters": 5.330009490122256}, "datetime": {"datetime": "2023-12-06 03:29:55", "elapsed": 46675.716775, "delta": 6153.810087}}
{"target": 0.6813357281592948, "params": {"batch_size": 4.298097071728867, "dropout_rate": 0.4746017834142169, "gamma": 3.94421663101327, "kernel_size": 6.141882103874073, "lr": 0.00353633563436858, "num_filters": 5.429774331147813}, "datetime": {"datetime": "2023-12-06 04:26:15", "elapsed": 50055.63292, "delta": 3379.916145}}
{"target": 0.6677470208852436, "params": {"batch_size": 11.389908832450416, "dropout_rate": 0.4087539336476216, "gamma": 8.106380633906305, "kernel_size": 6.814750980564214, "lr": 0.007811542718440476, "num_filters": 3.0450914911992903}, "datetime": {"datetime": "2023-12-06 05:26:25", "elapsed": 53666.303446, "delta": 3610.670526}}
{"target": 0.6972884717434565, "params": {"batch_size": 15.439177474796736, "dropout_rate": 0.18418639209411963, "gamma": 6.527206451162893, "kernel_size": 4.910826817739157, "lr": 0.004323492042945778, "num_filters": 4.955601800328527}, "datetime": {"datetime": "2023-12-06 06:13:08", "elapsed": 56469.080256, "delta": 2802.77681}}
{"target": 0.7592191393261641, "params": {"batch_size": 19.910608752691513, "dropout_rate": 0.008960137517362687, "gamma": 3.2051988162956366, "kernel_size": 6.492667279802406, "lr": 0.00878944899419727, "num_filters": 5.237547583687533}, "datetime": {"datetime": "2023-12-06 07:51:00", "elapsed": 62341.334647, "delta": 5872.254391}}
{"target": 0.6903245054423476, "params": {"batch_size": 5.109471549590061, "dropout_rate": 0.3676222271857261, "gamma": 5.291971244237035, "kernel_size": 4.310216447330216, "lr": 0.004925193403120143, "num_filters": 4.337660616249577}, "datetime": {"datetime": "2023-12-06 08:25:25", "elapsed": 64405.745075, "delta": 2064.410428}}
{"target": 0.7382033709391814, "params": {"batch_size": 4.187068208103805, "dropout_rate": 0.3948375510573188, "gamma": 7.231414006550502, "kernel_size": 4.683914953104407, "lr": 0.007463627078401023, "num_filters": 5.585101124422794}, "datetime": {"datetime": "2023-12-06 09:05:48", "elapsed": 66828.631437, "delta": 2422.886362}}
{"target": 0.6635493531724784, "params": {"batch_size": 19.9157067987031, "dropout_rate": 0.08348588651606165, "gamma": 7.806746203462896, "kernel_size": 6.544935793591747, "lr": 0.0015202962643134635, "num_filters": 3.9322543070021485}, "datetime": {"datetime": "2023-12-06 10:26:43", "elapsed": 71683.765971, "delta": 4855.134534}}
{"target": 0.667611847932387, "params": {"batch_size": 18.396169797021003, "dropout_rate": 0.09933525909812646, "gamma": 2.365506647946317, "kernel_size": 5.470817657552395, "lr": 0.008620669789119273, "num_filters": 4.364071378946085}, "datetime": {"datetime": "2023-12-06 10:54:28", "elapsed": 73348.835055, "delta": 1665.069084}}
{"target": 0.7756195902762126, "params": {"batch_size": 12.022685135239046, "dropout_rate": 0.1842373965726446, "gamma": 9.862382826641031, "kernel_size": 5.0611444280734865, "lr": 0.0022190130321538214, "num_filters": 5.162231009119919}, "datetime": {"datetime": "2023-12-06 11:41:01", "elapsed": 76141.815334, "delta": 2792.980279}}
{"target": 0.6479347057918642, "params": {"batch_size": 18.828450035398127, "dropout_rate": 0.3028769737925669, "gamma": 2.9730505042779107, "kernel_size": 4.600811000229432, "lr": 0.007062611286626647, "num_filters": 3.4286659739945993}, "datetime": {"datetime": "2023-12-06 12:20:28", "elapsed": 78509.306539, "delta": 2367.491205}}
{"target": 0.6792308492010518, "params": {"batch_size": 5.322191686689859, "dropout_rate": 0.2570604172532284, "gamma": 3.5112486726715053, "kernel_size": 5.842239327982211, "lr": 0.008778175505517129, "num_filters": 3.6506640342478813}, "datetime": {"datetime": "2023-12-06 13:29:09", "elapsed": 82630.243717, "delta": 4120.937178}}
{"target": 0.3628312384836723, "params": {"batch_size": 16.345486241872287, "dropout_rate": 0.4909114956173412, "gamma": 6.208928487426055, "kernel_size": 6.823073111881362, "lr": 0.0045510127788959435, "num_filters": 3.581229465228602}, "datetime": {"datetime": "2023-12-06 14:25:23", "elapsed": 86004.102591, "delta": 3373.858874}}
{"target": 0.7027499165736221, "params": {"batch_size": 7.5812985632236405, "dropout_rate": 0.3358365530909296, "gamma": 9.479502442601484, "kernel_size": 5.726708801993436, "lr": 0.008747375850912328, "num_filters": 3.4169561661526}, "datetime": {"datetime": "2023-12-06 15:26:02", "elapsed": 89642.732961, "delta": 3638.63037}}
{"target": 0.7418986044345425, "params": {"batch_size": 4.892744289905246, "dropout_rate": 0.17467776744731686, "gamma": 3.384204442865165, "kernel_size": 7.1, "lr": 0.0001, "num_filters": 5.2657968745464405}, "datetime": {"datetime": "2023-12-06 16:39:21", "elapsed": 94041.655513, "delta": 4398.922552}}
{"target": 0.7207481100216127, "params": {"batch_size": 4.447027633895903, "dropout_rate": 0.5, "gamma": 3.9754812169884906, "kernel_size": 7.1, "lr": 0.0001, "num_filters": 4.908595300118998}, "datetime": {"datetime": "2023-12-06 17:39:19", "elapsed": 97640.259042, "delta": 3598.603529}}
{"target": 0.7477092952852988, "params": {"batch_size": 4.451453603748816, "dropout_rate": 0.23681912549718098, "gamma": 3.5983746961467675, "kernel_size": 6.97620237738523, "lr": 0.0001, "num_filters": 5.97508155324862}, "datetime": {"datetime": "2023-12-06 19:00:15", "elapsed": 102496.249386, "delta": 4855.990344}}
{"target": 0.7110431184113027, "params": {"batch_size": 12.318407895918329, "dropout_rate": 0.14390718879851858, "gamma": 9.249944882708293, "kernel_size": 4.621797393967854, "lr": 0.002347084440557938, "num_filters": 5.465283037248978}, "datetime": {"datetime": "2023-12-06 19:59:12", "elapsed": 106032.99582, "delta": 3536.746434}}
{"target": 0.719974569562103, "params": {"batch_size": 11.368906603535583, "dropout_rate": 0.20975836012427376, "gamma": 10.0, "kernel_size": 5.598501574685717, "lr": 0.003223079855866827, "num_filters": 5.167114326391391}, "datetime": {"datetime": "2023-12-06 21:09:37", "elapsed": 110257.566379, "delta": 4224.570559}}
