{"target": 0.7576139182588552, "params": {"batch_size": 15.722572275715528, "dropout_rate": 0.42943372612783903, "gamma": 5.935114840920221, "kernel_size": 4.296879730801488, "lr": 0.002517546881781528, "num_filters": 5.824580288169605}, "datetime": {"datetime": "2023-12-19 23:02:27", "elapsed": 0.0, "delta": 0.0}}
{"target": 0.592513302042316, "params": {"batch_size": 13.605291886684732, "dropout_rate": 0.05670317025422711, "gamma": 2.493211065912985, "kernel_size": 5.199048316149037, "lr": 0.008827988090946997, "num_filters": 3.4952281989959126}, "datetime": {"datetime": "2023-12-19 23:23:52", "elapsed": 1284.517496, "delta": 1284.517496}}
{"target": 0.6714123555067116, "params": {"batch_size": 8.898407172277834, "dropout_rate": 0.08225810167302855, "gamma": 6.65745584645667, "kernel_size": 3.905310125025862, "lr": 0.006781965695757644, "num_filters": 4.79124402898727}, "datetime": {"datetime": "2023-12-19 23:47:59", "elapsed": 2731.369772, "delta": 1446.852276}}
{"target": 0.7165979160154504, "params": {"batch_size": 16.96353195822269, "dropout_rate": 0.28947922855539754, "gamma": 9.23404272424838, "kernel_size": 4.000702938006859, "lr": 0.007915786539651063, "num_filters": 5.158129561943638}, "datetime": {"datetime": "2023-12-20 00:15:45", "elapsed": 4397.565441, "delta": 1666.195669}}
{"target": 0.7049191732030865, "params": {"batch_size": 11.051976450449892, "dropout_rate": 0.294567847329475, "gamma": 7.946489565194128, "kernel_size": 3.559813597443501, "lr": 0.0006606866333422012, "num_filters": 4.567960498496209}, "datetime": {"datetime": "2023-12-20 01:01:01", "elapsed": 7114.152419, "delta": 2716.586978}}
{"target": 0.7243520062131128, "params": {"batch_size": 12.382736389261995, "dropout_rate": 0.23944100809886473, "gamma": 10.0, "kernel_size": 5.152004782655786, "lr": 0.0001, "num_filters": 4.429768937200836}, "datetime": {"datetime": "2023-12-20 01:31:06", "elapsed": 8918.391794, "delta": 1804.239375}}
{"target": 0.7424316671627175, "params": {"batch_size": 6.176951426669789, "dropout_rate": 0.4464962890797566, "gamma": 7.898810330230056, "kernel_size": 5.631316700944537, "lr": 0.003394886662930467, "num_filters": 5.255879600961833}, "datetime": {"datetime": "2023-12-20 02:25:23", "elapsed": 12175.412058, "delta": 3257.020264}}
{"target": 0.7146263595972746, "params": {"batch_size": 6.641745580944162, "dropout_rate": 0.49153533248706704, "gamma": 7.692682536308415, "kernel_size": 6.582726404406571, "lr": 0.0001, "num_filters": 4.728250564143913}, "datetime": {"datetime": "2023-12-20 02:57:57", "elapsed": 14129.829079, "delta": 1954.417021}}
{"target": 0.7546571055472215, "params": {"batch_size": 6.762747448181312, "dropout_rate": 0.5, "gamma": 8.931814695068319, "kernel_size": 5.721630360873595, "lr": 0.0001, "num_filters": 5.406850029476662}, "datetime": {"datetime": "2023-12-20 03:37:20", "elapsed": 16492.68251, "delta": 2362.853431}}
{"target": 0.7331975194896687, "params": {"batch_size": 7.160358744222743, "dropout_rate": 0.4574296765266837, "gamma": 8.083442331828806, "kernel_size": 5.717623168533706, "lr": 0.002811542591292599, "num_filters": 6.02368520709892}, "datetime": {"datetime": "2023-12-20 04:48:16", "elapsed": 20748.783215, "delta": 4256.100705}}
{"target": 0.6993204149749523, "params": {"batch_size": 7.124044489040198, "dropout_rate": 0.0, "gamma": 8.331391399517452, "kernel_size": 5.239407995062213, "lr": 0.0001, "num_filters": 4.862727699386003}, "datetime": {"datetime": "2023-12-20 05:10:00", "elapsed": 22052.395419, "delta": 1303.612204}}
{"target": 0.7434420200393314, "params": {"batch_size": 12.552806182604597, "dropout_rate": 0.11448977342720228, "gamma": 10.0, "kernel_size": 5.60440343211893, "lr": 0.004628219846297114, "num_filters": 5.636215896354401}, "datetime": {"datetime": "2023-12-20 05:59:41", "elapsed": 25033.665458, "delta": 2981.270039}}
{"target": 0.6766675615720171, "params": {"batch_size": 6.608309448716223, "dropout_rate": 0.5, "gamma": 8.566591348165376, "kernel_size": 6.628976283081206, "lr": 0.01, "num_filters": 5.66965365015044}, "datetime": {"datetime": "2023-12-20 06:24:28", "elapsed": 26520.876086, "delta": 1487.210628}}
{"target": 0.7489741034279134, "params": {"batch_size": 4.40675286503731, "dropout_rate": 0.5, "gamma": 2.8979809749901895, "kernel_size": 6.5758700133734855, "lr": 0.0001, "num_filters": 5.349173565781376}, "datetime": {"datetime": "2023-12-20 07:13:27", "elapsed": 29459.804785, "delta": 2938.928699}}
{"target": 0.6997610811888864, "params": {"batch_size": 5.511611301584905, "dropout_rate": 0.19075939493401795, "gamma": 3.3162411599189383, "kernel_size": 6.175895805160279, "lr": 0.004810994945826389, "num_filters": 5.562587597627628}, "datetime": {"datetime": "2023-12-20 07:56:58", "elapsed": 32070.732886, "delta": 2610.928101}}
{"target": 0.724534125668486, "params": {"batch_size": 15.731508553086112, "dropout_rate": 0.3327723956882465, "gamma": 5.180735616116528, "kernel_size": 5.0224159463224805, "lr": 0.0018739767041969578, "num_filters": 6.048307148500069}, "datetime": {"datetime": "2023-12-20 08:48:25", "elapsed": 35157.992623, "delta": 3087.259737}}
{"target": 0.7472491799648452, "params": {"batch_size": 11.521488160605987, "dropout_rate": 0.5, "gamma": 10.0, "kernel_size": 4.358078847647254, "lr": 0.01, "num_filters": 5.05671717887419}, "datetime": {"datetime": "2023-12-20 09:23:02", "elapsed": 37235.162226, "delta": 2077.169603}}
{"target": 0.7606693291856894, "params": {"batch_size": 20.001, "dropout_rate": 0.0, "gamma": 3.5343594133792937, "kernel_size": 7.1, "lr": 0.009610327189129651, "num_filters": 6.0225236452362285}, "datetime": {"datetime": "2023-12-20 10:10:45", "elapsed": 40098.216163, "delta": 2863.053937}}
{"target": 0.7090334527454264, "params": {"batch_size": 20.001, "dropout_rate": 0.0, "gamma": 3.7150321829418385, "kernel_size": 6.034326293622386, "lr": 0.0001, "num_filters": 6.1}, "datetime": {"datetime": "2023-12-20 10:44:53", "elapsed": 42145.330278, "delta": 2047.114115}}
{"target": 0.6851721328203894, "params": {"batch_size": 20.001, "dropout_rate": 0.0, "gamma": 2.4979463522234227, "kernel_size": 7.1, "lr": 0.01, "num_filters": 5.735965299558649}, "datetime": {"datetime": "2023-12-20 11:42:50", "elapsed": 45622.636481, "delta": 3477.306203}}
{"target": 0.3190510727089475, "params": {"batch_size": 19.42825818295732, "dropout_rate": 0.2905319425453368, "gamma": 4.054674741667912, "kernel_size": 7.033319506761431, "lr": 0.004065977331740985, "num_filters": 5.40523181209792}, "datetime": {"datetime": "2023-12-20 12:38:36", "elapsed": 48968.480607, "delta": 3345.844126}}
{"target": 0.6704780911175404, "params": {"batch_size": 4.328409870913166, "dropout_rate": 0.21269133303898097, "gamma": 9.881508859672994, "kernel_size": 4.2184715532222565, "lr": 0.00966218672290007, "num_filters": 3.6754772382142686}, "datetime": {"datetime": "2023-12-20 12:55:11", "elapsed": 49963.575212, "delta": 995.094605}}
{"target": 0.6767291489647311, "params": {"batch_size": 7.8188193704462225, "dropout_rate": 0.4479923252202161, "gamma": 9.666738522941838, "kernel_size": 5.787669924086883, "lr": 0.00995818600187811, "num_filters": 3.364739793132503}, "datetime": {"datetime": "2023-12-20 13:33:59", "elapsed": 52291.408868, "delta": 2327.833656}}
{"target": 0.7070263150670772, "params": {"batch_size": 4.184167488563016, "dropout_rate": 0.0, "gamma": 3.395257225079115, "kernel_size": 6.826603429457253, "lr": 0.0001, "num_filters": 5.300085158092514}, "datetime": {"datetime": "2023-12-20 14:00:14", "elapsed": 53866.691447, "delta": 1575.282579}}
{"target": 0.6612625155990947, "params": {"batch_size": 11.892398185983987, "dropout_rate": 0.5, "gamma": 10.0, "kernel_size": 4.949006667777026, "lr": 0.01, "num_filters": 5.689697040864296}, "datetime": {"datetime": "2023-12-20 14:24:34", "elapsed": 55326.738524, "delta": 1460.047077}}
{"target": 0.6890850265761012, "params": {"batch_size": 11.704186300778836, "dropout_rate": 0.0, "gamma": 9.753223849175571, "kernel_size": 4.8016431205679835, "lr": 0.0001, "num_filters": 4.759069866487084}, "datetime": {"datetime": "2023-12-20 14:42:49", "elapsed": 56421.306683, "delta": 1094.568159}}
{"target": 0.6891242544925199, "params": {"batch_size": 6.520514557742545, "dropout_rate": 0.5, "gamma": 8.469139930702429, "kernel_size": 5.79316828955229, "lr": 0.0001, "num_filters": 4.940158910151664}, "datetime": {"datetime": "2023-12-20 15:30:25", "elapsed": 59278.139315, "delta": 2856.832632}}
{"target": 0.680332125826879, "params": {"batch_size": 15.87311393779432, "dropout_rate": 0.3510644244671918, "gamma": 7.583600479437137, "kernel_size": 3.394674239662802, "lr": 0.005511022283930054, "num_filters": 4.634087420845854}, "datetime": {"datetime": "2023-12-20 15:44:31", "elapsed": 60123.839241, "delta": 845.699926}}
{"target": 0.780719997153247, "params": {"batch_size": 4.790821327446083, "dropout_rate": 0.5, "gamma": 3.3727334828098843, "kernel_size": 6.679383974257543, "lr": 0.0001, "num_filters": 5.641699467842031}, "datetime": {"datetime": "2023-12-20 17:12:28", "elapsed": 65401.197195, "delta": 5277.357954}}
{"target": 0.6992180713023904, "params": {"batch_size": 14.31215983713659, "dropout_rate": 0.4338295159011745, "gamma": 9.612163916417899, "kernel_size": 3.611118703657672, "lr": 0.004728749511187978, "num_filters": 4.408782830515599}, "datetime": {"datetime": "2023-12-20 17:48:46", "elapsed": 67579.033744, "delta": 2177.836549}}
{"target": 0.6646135615178997, "params": {"batch_size": 12.267867937109703, "dropout_rate": 0.0528448053260463, "gamma": 9.658768513954831, "kernel_size": 5.52091078789143, "lr": 0.0001, "num_filters": 5.0769664956719325}, "datetime": {"datetime": "2023-12-20 18:36:04", "elapsed": 70417.194612, "delta": 2838.160868}}
{"target": 0.6662587592439986, "params": {"batch_size": 9.396085239965508, "dropout_rate": 0.30843606988934513, "gamma": 3.774423845662562, "kernel_size": 6.088872241193945, "lr": 0.0012784295800535423, "num_filters": 3.7774904074470683}, "datetime": {"datetime": "2023-12-20 18:50:55", "elapsed": 71307.522501, "delta": 890.327889}}
{"target": 0.7613733658214973, "params": {"batch_size": 6.832667707276235, "dropout_rate": 0.4521003380415716, "gamma": 7.7349664085137935, "kernel_size": 5.799641200257254, "lr": 0.0021858368606002057, "num_filters": 5.434198341957606}, "datetime": {"datetime": "2023-12-20 19:47:34", "elapsed": 74706.26977, "delta": 3398.747269}}
