{"target": 0.6266489467791606, "params": {"batch_size": 9.405859135996876, "dropout_rate": 0.04190881803351465, "gamma": 2.488256586694469, "kernel_size": 4.698545154058887, "lr": 0.00694361341346615, "num_filters": 3.6342352166843774}, "datetime": {"datetime": "2023-11-29 23:10:36", "elapsed": 0.0, "delta": 0.0}}
{"target": 0.7555199994279739, "params": {"batch_size": 14.189806426519123, "dropout_rate": 0.49929630906344963, "gamma": 4.973659594664419, "kernel_size": 5.67964683387485, "lr": 0.00010571286287740898, "num_filters": 5.534385676682305}, "datetime": {"datetime": "2023-11-29 23:58:42", "elapsed": 2886.390106, "delta": 2886.390106}}
{"target": 0.6479507860496527, "params": {"batch_size": 15.235824416687837, "dropout_rate": 0.07978235043209742, "gamma": 6.61677249809448, "kernel_size": 5.7665816891098975, "lr": 0.0010977151733429524, "num_filters": 3.343913273485491}, "datetime": {"datetime": "2023-11-30 00:38:19", "elapsed": 5263.460666, "delta": 2377.07056}}
{"target": 0.7090933671862648, "params": {"batch_size": 13.449654819322802, "dropout_rate": 0.2093634362786821, "gamma": 5.408360281207652, "kernel_size": 3.6314822084959033, "lr": 0.006832473735818906, "num_filters": 5.337573600017234}, "datetime": {"datetime": "2023-11-30 00:55:34", "elapsed": 6298.280215, "delta": 1034.819549}}
{"target": 0.6173986132091253, "params": {"batch_size": 13.39811511712845, "dropout_rate": 0.13797366527878396, "gamma": 2.272781205180422, "kernel_size": 6.171872285618733, "lr": 0.0024128317495887204, "num_filters": 4.108015639463587}, "datetime": {"datetime": "2023-11-30 01:26:06", "elapsed": 8130.326597, "delta": 1832.046382}}
{"target": 0.629070376483919, "params": {"batch_size": 10.490962054462148, "dropout_rate": 0.33081980712008136, "gamma": 7.45809288946066, "kernel_size": 3.018887787188212, "lr": 0.007698008396592084, "num_filters": 3.495092602996494}, "datetime": {"datetime": "2023-11-30 01:40:19", "elapsed": 8983.132032, "delta": 852.805435}}
{"target": 0.7144935849159798, "params": {"batch_size": 18.139794935512242, "dropout_rate": 0.1599976819913752, "gamma": 9.4555788568693, "kernel_size": 5.607129958646789, "lr": 0.008341485780450282, "num_filters": 5.250432366275959}, "datetime": {"datetime": "2023-11-30 02:10:08", "elapsed": 10771.776126, "delta": 1788.644094}}
{"target": 0.6839697112163189, "params": {"batch_size": 18.98794965094789, "dropout_rate": 0.41014250817964787, "gamma": 4.356281875305544, "kernel_size": 4.19911992723039, "lr": 0.004677216771403947, "num_filters": 5.300184269035304}, "datetime": {"datetime": "2023-11-30 02:42:04", "elapsed": 12687.650323, "delta": 1915.874197}}
{"target": 0.7001115598744074, "params": {"batch_size": 8.621031113176368, "dropout_rate": 0.0038785904368497937, "gamma": 7.743230841612358, "kernel_size": 3.2002935980434337, "lr": 0.004405167568495663, "num_filters": 4.0283916164412625}, "datetime": {"datetime": "2023-11-30 02:57:33", "elapsed": 13617.503481, "delta": 929.853158}}
{"target": 0.7296638421491228, "params": {"batch_size": 8.18824368020427, "dropout_rate": 0.27862129223158594, "gamma": 6.971144483097285, "kernel_size": 7.098702629002746, "lr": 0.000635264439097897, "num_filters": 4.659750400426465}, "datetime": {"datetime": "2023-11-30 03:36:44", "elapsed": 15968.0126, "delta": 2350.509119}}
{"target": 0.6892666316182202, "params": {"batch_size": 15.532943719793666, "dropout_rate": 0.4667740271215986, "gamma": 5.402848505285273, "kernel_size": 5.644916088877078, "lr": 0.0035649303019065675, "num_filters": 5.6865187808140885}, "datetime": {"datetime": "2023-11-30 04:07:25", "elapsed": 17808.941932, "delta": 1840.929332}}
{"target": 0.7254785356644854, "params": {"batch_size": 13.935687432923174, "dropout_rate": 0.4144747591142468, "gamma": 5.112711914653631, "kernel_size": 5.0106520070116325, "lr": 0.002232212756093641, "num_filters": 5.516554966112652}, "datetime": {"datetime": "2023-11-30 04:49:55", "elapsed": 20359.539469, "delta": 2550.597537}}
{"target": 0.7173615012974272, "params": {"batch_size": 13.668437703394734, "dropout_rate": 0.5, "gamma": 5.105708450528976, "kernel_size": 6.144294168660842, "lr": 0.0001, "num_filters": 6.059136675168718}, "datetime": {"datetime": "2023-11-30 05:23:56", "elapsed": 22399.573392, "delta": 2040.033923}}
