{"target": 0.602244370738846, "params": {"batch_size": 8.990148387737673, "dropout_rate": 0.49201204568047363, "gamma": 6.972452239513769, "kernel_size": 3.935854833687953, "lr": 0.007984525940187072, "num_filters": 4.212147012646004}, "datetime": {"datetime": "2023-11-30 19:26:48", "elapsed": 0.0, "delta": 0.0}}
{"target": 0.5280513915919549, "params": {"batch_size": 7.804738582134261, "dropout_rate": 0.21488324264612652, "gamma": 4.273596293185817, "kernel_size": 5.296408991696863, "lr": 0.004652955226788057, "num_filters": 6.091478566627741}, "datetime": {"datetime": "2023-11-30 20:00:18", "elapsed": 2009.524613, "delta": 2009.524613}}
{"target": 0.6990384423369598, "params": {"batch_size": 16.15146252209685, "dropout_rate": 0.006696083370580919, "gamma": 8.690265598561714, "kernel_size": 5.608319675116837, "lr": 0.009602107127927598, "num_filters": 4.657446203905898}, "datetime": {"datetime": "2023-11-30 20:42:15", "elapsed": 4526.880473, "delta": 2517.35586}}
{"target": 0.6548903405198822, "params": {"batch_size": 7.703666146439417, "dropout_rate": 0.17384332576845196, "gamma": 7.406498617764569, "kernel_size": 5.388159886707234, "lr": 0.007483094008163717, "num_filters": 4.694892802701888}, "datetime": {"datetime": "2023-11-30 21:08:13", "elapsed": 6084.785299, "delta": 1557.904826}}
{"target": 0.7416722913684876, "params": {"batch_size": 16.144028853470747, "dropout_rate": 0.48855809565810343, "gamma": 6.568048402009534, "kernel_size": 5.2737497288455, "lr": 0.006774754018215929, "num_filters": 5.327417054137381}, "datetime": {"datetime": "2023-11-30 21:38:58", "elapsed": 7929.725744, "delta": 1844.940445}}
{"target": 0.5039993804781071, "params": {"batch_size": 10.53964062760734, "dropout_rate": 0.4620881814984491, "gamma": 5.5983387137673875, "kernel_size": 3.69347719901036, "lr": 0.007370718499552443, "num_filters": 5.149026203123902}, "datetime": {"datetime": "2023-11-30 22:03:36", "elapsed": 9407.651676, "delta": 1477.925932}}
{"target": 0.6723120375426143, "params": {"batch_size": 16.508095207910017, "dropout_rate": 0.2904452125978644, "gamma": 5.546494902730273, "kernel_size": 5.641102054703647, "lr": 0.0009549231379229818, "num_filters": 5.868574595811422}, "datetime": {"datetime": "2023-11-30 22:34:43", "elapsed": 11274.604293, "delta": 1866.952617}}
{"target": 0.7471922146087019, "params": {"batch_size": 14.894461305099885, "dropout_rate": 0.3404236872952338, "gamma": 4.672657850717234, "kernel_size": 6.217582190871688, "lr": 0.0038728560792499842, "num_filters": 4.883604165055773}, "datetime": {"datetime": "2023-11-30 23:14:18", "elapsed": 13649.397759, "delta": 2374.793466}}
{"target": 0.7052321589289942, "params": {"batch_size": 17.76370362684094, "dropout_rate": 0.004974099337140492, "gamma": 2.2655641790924106, "kernel_size": 4.493244691759939, "lr": 0.007516082297910929, "num_filters": 6.058234965061778}, "datetime": {"datetime": "2023-11-30 23:52:44", "elapsed": 15955.316029, "delta": 2305.91827}}
{"target": 0.6935157695237962, "params": {"batch_size": 14.540497234520648, "dropout_rate": 0.2415992005753706, "gamma": 6.533191964540278, "kernel_size": 3.3584979403856057, "lr": 0.005360938796348348, "num_filters": 5.607659436869847}, "datetime": {"datetime": "2023-12-01 00:21:04", "elapsed": 17655.152229, "delta": 1699.8362}}
{"target": 0.7502276037582413, "params": {"batch_size": 13.036315021502164, "dropout_rate": 0.19528833366633785, "gamma": 9.429495802065581, "kernel_size": 6.992762508817751, "lr": 0.0014661738628950634, "num_filters": 5.190034623271343}, "datetime": {"datetime": "2023-12-01 00:53:35", "elapsed": 19607.076588, "delta": 1951.924359}}
{"target": 0.6743087272343041, "params": {"batch_size": 18.82470971862117, "dropout_rate": 0.04641260038560291, "gamma": 9.243024268903884, "kernel_size": 6.338921149602141, "lr": 0.0075655415772718495, "num_filters": 6.0467839963953995}, "datetime": {"datetime": "2023-12-01 01:39:11", "elapsed": 22343.115219, "delta": 2736.038631}}
{"target": 0.6994576938298328, "params": {"batch_size": 12.211296429265834, "dropout_rate": 0.07754331478470305, "gamma": 6.027565978564654, "kernel_size": 3.5165787401030455, "lr": 0.007681476762804224, "num_filters": 4.205837495091444}, "datetime": {"datetime": "2023-12-01 02:01:23", "elapsed": 23674.337991, "delta": 1331.222772}}
{"target": 0.6797566687600721, "params": {"batch_size": 9.887049346114813, "dropout_rate": 0.31686802631836664, "gamma": 7.771690807861326, "kernel_size": 3.2458414469664243, "lr": 0.003982862904401722, "num_filters": 5.3908956149423375}, "datetime": {"datetime": "2023-12-01 02:15:37", "elapsed": 24528.482127, "delta": 854.144136}}
{"target": 0.6289417369870739, "params": {"batch_size": 5.146157783497108, "dropout_rate": 0.32053565499897985, "gamma": 2.0057450788542948, "kernel_size": 4.250563678428225, "lr": 0.006331814196786953, "num_filters": 3.415627868068838}, "datetime": {"datetime": "2023-12-01 02:58:06", "elapsed": 27078.103936, "delta": 2549.621809}}
{"target": 0.6546672562748952, "params": {"batch_size": 11.062743673328788, "dropout_rate": 0.3481814123161549, "gamma": 6.744703486300004, "kernel_size": 5.128050569640055, "lr": 0.008348188468754486, "num_filters": 3.6627963598173445}, "datetime": {"datetime": "2023-12-01 03:26:00", "elapsed": 28751.191579, "delta": 1673.087643}}
{"target": 0.6220108393091823, "params": {"batch_size": 6.2355271826647325, "dropout_rate": 0.13245409960170806, "gamma": 2.905166477713787, "kernel_size": 6.13316372608465, "lr": 0.005340775827074188, "num_filters": 3.5233979315408708}, "datetime": {"datetime": "2023-12-01 03:54:07", "elapsed": 30438.252375, "delta": 1687.060796}}
{"target": 0.7211576968980822, "params": {"batch_size": 15.516137288601296, "dropout_rate": 0.33533729702231496, "gamma": 3.2963669285677852, "kernel_size": 6.054735172246621, "lr": 0.008318680587273428, "num_filters": 5.513794021521232}, "datetime": {"datetime": "2023-12-01 04:33:26", "elapsed": 32797.125604, "delta": 2358.873229}}
{"target": 0.6853725214800727, "params": {"batch_size": 8.326827144679754, "dropout_rate": 0.07620619262955447, "gamma": 9.097715336247262, "kernel_size": 4.666353827460696, "lr": 0.001833181271873099, "num_filters": 3.349103361851897}, "datetime": {"datetime": "2023-12-01 04:47:54", "elapsed": 33665.53635, "delta": 868.410746}}
{"target": 0.7431113538154251, "params": {"batch_size": 5.736182067785887, "dropout_rate": 0.49154613911336215, "gamma": 9.80684502988959, "kernel_size": 4.93598842201043, "lr": 0.0007550088753871168, "num_filters": 5.91812542344089}, "datetime": {"datetime": "2023-12-01 05:22:45", "elapsed": 35756.254772, "delta": 2090.718422}}
{"target": 0.6594127464175977, "params": {"batch_size": 14.423527880870932, "dropout_rate": 0.5, "gamma": 6.593924210325276, "kernel_size": 5.464491331071599, "lr": 0.01, "num_filters": 3.569791189946022}, "datetime": {"datetime": "2023-12-01 05:47:36", "elapsed": 37247.418827, "delta": 1491.164055}}
{"target": 0.747260554686124, "params": {"batch_size": 14.232859809446385, "dropout_rate": 0.4125997702595163, "gamma": 7.979930613996447, "kernel_size": 6.471859360097276, "lr": 0.0018944598208342125, "num_filters": 6.076879252852683}, "datetime": {"datetime": "2023-12-01 06:40:46", "elapsed": 40438.001966, "delta": 3190.583139}}
{"target": 0.7365683406186999, "params": {"batch_size": 13.021482888545142, "dropout_rate": 0.0, "gamma": 9.334421373065604, "kernel_size": 5.1734108215938175, "lr": 0.0001, "num_filters": 6.1}, "datetime": {"datetime": "2023-12-01 07:14:59", "elapsed": 42490.307785, "delta": 2052.305819}}
{"target": 0.7596283923188798, "params": {"batch_size": 14.598414841457402, "dropout_rate": 0.5, "gamma": 10.0, "kernel_size": 7.1, "lr": 0.0001, "num_filters": 6.1}, "datetime": {"datetime": "2023-12-01 08:05:37", "elapsed": 45528.269686, "delta": 3037.961901}}
{"target": 0.6849862433507594, "params": {"batch_size": 10.905651491750012, "dropout_rate": 0.5, "gamma": 10.0, "kernel_size": 6.6771579064137985, "lr": 0.01, "num_filters": 6.1}, "datetime": {"datetime": "2023-12-01 08:46:34", "elapsed": 47985.783967, "delta": 2457.514281}}
