{"target": 0.23512685485755946, "params": {"batch_size": 19.234173855517287, "dropout_rate": 0.07485300935116329, "gamma": 7.652763743507376, "kernel_size": 4.938933079538923, "lr": 0.00803553665111454, "num_filters": 5.859800314801473}, "datetime": {"datetime": "2023-11-29 22:23:20", "elapsed": 0.0, "delta": 0.0}}
{"target": 0.33093982822450224, "params": {"batch_size": 16.149474691063272, "dropout_rate": 0.3437576509213692, "gamma": 4.387398217715867, "kernel_size": 3.3669766775088723, "lr": 0.0021313068289793994, "num_filters": 6.022503119079433}, "datetime": {"datetime": "2023-11-29 22:24:55", "elapsed": 95.65926, "delta": 95.65926}}
{"target": 0.311315946315425, "params": {"batch_size": 17.728415708623814, "dropout_rate": 0.19755190211349438, "gamma": 4.160781960690943, "kernel_size": 6.101558619786909, "lr": 0.006427150108027111, "num_filters": 3.6319509520402056}, "datetime": {"datetime": "2023-11-29 22:26:55", "elapsed": 215.585793, "delta": 119.926533}}
{"target": 0.40425349278174166, "params": {"batch_size": 5.781874742637707, "dropout_rate": 0.23248669777344294, "gamma": 2.7239580217886337, "kernel_size": 4.351460195356452, "lr": 0.009285182648193837, "num_filters": 5.015509382572777}, "datetime": {"datetime": "2023-11-29 22:28:58", "elapsed": 337.768092, "delta": 122.182299}}
{"target": 0.521806942228135, "params": {"batch_size": 9.88794433601247, "dropout_rate": 0.13564567165529196, "gamma": 2.9636659836254733, "kernel_size": 6.306711944383736, "lr": 0.004714024387659313, "num_filters": 4.846671692064639}, "datetime": {"datetime": "2023-11-29 22:31:16", "elapsed": 476.21611, "delta": 138.448018}}
{"target": 0.3751284605503744, "params": {"batch_size": 11.013244450494348, "dropout_rate": 0.360476133509671, "gamma": 4.275739867795313, "kernel_size": 3.6540165573565373, "lr": 0.008518845251059096, "num_filters": 4.389514462959529}, "datetime": {"datetime": "2023-11-29 22:33:10", "elapsed": 590.452717, "delta": 114.236607}}
{"target": 0.44219340378771843, "params": {"batch_size": 16.692175461095122, "dropout_rate": 0.10663418762822657, "gamma": 8.641995003495822, "kernel_size": 6.048339797117424, "lr": 0.0028381139665445056, "num_filters": 5.560693187234232}, "datetime": {"datetime": "2023-11-29 22:35:40", "elapsed": 740.490605, "delta": 150.037888}}
{"target": 0.5648564316126886, "params": {"batch_size": 6.397767844444568, "dropout_rate": 0.16771665731433133, "gamma": 9.18043372929846, "kernel_size": 3.2768617910922853, "lr": 0.0014934756502698245, "num_filters": 4.938568273634431}, "datetime": {"datetime": "2023-11-29 22:36:58", "elapsed": 818.450596, "delta": 77.959991}}
