{"target": 0.7414896469435474, "params": {"batch_size": 7.797960400540653, "dropout_rate": 0.3365873059820466, "gamma": 6.745998830195848, "kernel_size": 5.197113463330583, "lr": 0.005640986541396555, "num_filters": 5.354806266853094}, "datetime": {"datetime": "2024-07-06 16:12:58", "elapsed": 0.0, "delta": 0.0}}
{"target": 0.25240612548213753, "params": {"batch_size": 14.068696244064807, "dropout_rate": 0.14790961152395088, "gamma": 7.648912539144118, "kernel_size": 4.341679144036442, "lr": 0.009472140144421562, "num_filters": 3.3082439509051547}, "datetime": {"datetime": "2024-07-06 17:45:11", "elapsed": 5533.713411, "delta": 5533.713411}}
{"target": 0.5473686355322666, "params": {"batch_size": 11.828088527499695, "dropout_rate": 0.22897676594106764, "gamma": 6.540544111179542, "kernel_size": 3.4056223137661155, "lr": 0.006627827239305828, "num_filters": 4.43091211116411}, "datetime": {"datetime": "2024-07-06 18:32:30", "elapsed": 8372.419262, "delta": 2838.705851}}
{"target": 0.47224495131069455, "params": {"batch_size": 10.434679680422665, "dropout_rate": 0.06399927527904081, "gamma": 4.411456677428526, "kernel_size": 10.355111575056583, "lr": 0.001034604100694308, "num_filters": 3.0726765864746137}, "datetime": {"datetime": "2024-07-06 20:15:01", "elapsed": 14523.113161, "delta": 6150.693899}}
{"target": 0.2655445237455355, "params": {"batch_size": 18.607786206998632, "dropout_rate": 0.04270177525924673, "gamma": 9.50882779956407, "kernel_size": 11.159069123979679, "lr": 0.005827709328195602, "num_filters": 4.973669683028467}, "datetime": {"datetime": "2024-07-06 21:37:21", "elapsed": 19463.605641, "delta": 4940.49248}}
{"target": 0.4600697934544084, "params": {"batch_size": 4.406375537460039, "dropout_rate": 0.49968247339246, "gamma": 3.2725943479714443, "kernel_size": 10.01188678308165, "lr": 0.007573116366815755, "num_filters": 3.3676601324872424}, "datetime": {"datetime": "2024-07-06 22:41:55", "elapsed": 23337.240526, "delta": 3873.634885}}
{"target": 0.7683663540096265, "params": {"batch_size": 10.988645103816427, "dropout_rate": 0.05341728658862249, "gamma": 9.457910296756323, "kernel_size": 5.605654039501857, "lr": 0.004353036952815549, "num_filters": 5.224870625686006}, "datetime": {"datetime": "2024-07-07 00:53:46", "elapsed": 31247.914033, "delta": 7910.673507}}
{"target": 0.6722434378757702, "params": {"batch_size": 8.70933653475314, "dropout_rate": 0.2166192543417791, "gamma": 2.333898670237126, "kernel_size": 11.118763762380354, "lr": 0.008370388851430384, "num_filters": 4.09863700111151}, "datetime": {"datetime": "2024-07-07 03:47:38", "elapsed": 41680.126029, "delta": 10432.211996}}
{"target": 0.6387035905640048, "params": {"batch_size": 5.800537524094034, "dropout_rate": 0.37169270891164835, "gamma": 6.7856454726877695, "kernel_size": 7.902552705642378, "lr": 0.0005028787951445828, "num_filters": 4.374044346513045}, "datetime": {"datetime": "2024-07-07 05:08:37", "elapsed": 46539.388388, "delta": 4859.262359}}
{"target": 0.2593142546764789, "params": {"batch_size": 9.27722624439089, "dropout_rate": 0.2634765704790525, "gamma": 8.395360243781843, "kernel_size": 9.899201082615225, "lr": 0.0070341775567322766, "num_filters": 3.445729037611999}, "datetime": {"datetime": "2024-07-07 07:21:52", "elapsed": 54534.77384, "delta": 7995.385452}}
{"target": 0.36057200883879226, "params": {"batch_size": 5.332548452571169, "dropout_rate": 0.4517883741848277, "gamma": 2.151317150552744, "kernel_size": 8.725200883834237, "lr": 0.009488982249320403, "num_filters": 3.235816401912325}, "datetime": {"datetime": "2024-07-07 08:23:03", "elapsed": 58204.913425, "delta": 3670.139585}}
{"target": 0.5809578492692872, "params": {"batch_size": 9.534549347862947, "dropout_rate": 0.17626703365152024, "gamma": 8.235945021887492, "kernel_size": 5.285366210697108, "lr": 0.00465836172996278, "num_filters": 5.349251450786844}, "datetime": {"datetime": "2024-07-07 09:37:20", "elapsed": 62661.9474, "delta": 4457.033975}}
{"target": 0.3989062955386085, "params": {"batch_size": 6.804801854125492, "dropout_rate": 0.35298941017043395, "gamma": 6.749988619964227, "kernel_size": 6.201566815087109, "lr": 0.00295790060636964, "num_filters": 5.009904723909663}, "datetime": {"datetime": "2024-07-07 11:43:53", "elapsed": 70255.380403, "delta": 7593.433003}}
{"target": 0.6057321588720092, "params": {"batch_size": 16.119443702599966, "dropout_rate": 0.12762155294727917, "gamma": 7.154400881283701, "kernel_size": 5.934862880111803, "lr": 0.0057240105660306675, "num_filters": 5.806723022585228}, "datetime": {"datetime": "2024-07-07 13:50:24", "elapsed": 77846.714917, "delta": 7591.334514}}
{"target": 0.44317405159242407, "params": {"batch_size": 15.349563926147583, "dropout_rate": 0.1924185140519432, "gamma": 7.191591711232409, "kernel_size": 8.12110933681009, "lr": 0.007408324007257091, "num_filters": 3.395350496289609}, "datetime": {"datetime": "2024-07-07 14:43:01", "elapsed": 81003.318091, "delta": 3156.603174}}
{"target": 0.7017676965780532, "params": {"batch_size": 9.855699641732446, "dropout_rate": 0.398655928978726, "gamma": 9.372704874113705, "kernel_size": 10.789256084385148, "lr": 0.0091040993303337, "num_filters": 4.054708800795034}, "datetime": {"datetime": "2024-07-07 16:10:52", "elapsed": 86273.953376, "delta": 5270.635285}}
{"target": 0.2851434830647587, "params": {"batch_size": 9.73427357510682, "dropout_rate": 0.25495998560392885, "gamma": 8.077688544964115, "kernel_size": 5.443105607235489, "lr": 0.005465786617315344, "num_filters": 5.376009511432579}, "datetime": {"datetime": "2024-07-07 16:52:13", "elapsed": 88754.906652, "delta": 2480.953276}}
{"target": 0.5388025263592181, "params": {"batch_size": 16.839754194788895, "dropout_rate": 0.42330366328459107, "gamma": 3.5740935677926107, "kernel_size": 7.421466524949005, "lr": 0.005937381684158908, "num_filters": 3.319069698603294}, "datetime": {"datetime": "2024-07-07 18:41:46", "elapsed": 95328.3886, "delta": 6573.481948}}
{"target": 0.6681787959160239, "params": {"batch_size": 14.125135382067311, "dropout_rate": 0.08926193265094595, "gamma": 2.95725661838312, "kernel_size": 6.360020975279459, "lr": 0.0011105395906814675, "num_filters": 4.214417243983267}, "datetime": {"datetime": "2024-07-07 20:25:51", "elapsed": 101573.042993, "delta": 6244.654393}}
{"target": 0.5169650164966507, "params": {"batch_size": 6.870615811034847, "dropout_rate": 0.19204926258502486, "gamma": 5.125749537249314, "kernel_size": 4.692421518452784, "lr": 0.008664923576447561, "num_filters": 4.050790515852739}, "datetime": {"datetime": "2024-07-07 21:24:17", "elapsed": 105079.509082, "delta": 3506.466089}}
{"target": 0.5829708864509696, "params": {"batch_size": 8.97754572666867, "dropout_rate": 0.07728977066349674, "gamma": 7.103696766306444, "kernel_size": 10.66881478197414, "lr": 0.0038140191981198357, "num_filters": 4.8568670520454535}, "datetime": {"datetime": "2024-07-07 23:39:50", "elapsed": 113212.064801, "delta": 8132.555719}}
{"target": 0.33735069254433725, "params": {"batch_size": 5.9543300508126125, "dropout_rate": 0.22728788208975348, "gamma": 9.971518215792308, "kernel_size": 11.930695820450264, "lr": 0.005462853997427517, "num_filters": 3.0163620491817555}, "datetime": {"datetime": "2024-07-08 01:14:52", "elapsed": 118914.66052, "delta": 5702.595719}}
