{"target": 0.8706971987547265, "params": {"batch_size": 8.870218082743175, "dropout_rate": 0.30835889243666637, "gamma": 4.8900466254433805, "kernel_size": 6.2443011517689975, "lr": 0.005795303395740518, "num_filters": 3.4032526999497783}, "datetime": {"datetime": "2024-07-28 09:19:54", "elapsed": 0.0, "delta": 0.0}}
{"target": 0.25910276297497326, "params": {"batch_size": 15.946970849126057, "dropout_rate": 0.2103268696964758, "gamma": 2.513919168447452, "kernel_size": 7.685907581220438, "lr": 0.002145954762321169, "num_filters": 3.0208843278710007}, "datetime": {"datetime": "2024-07-28 10:13:18", "elapsed": 3204.407124, "delta": 3204.407124}}
{"target": 0.8265916376092719, "params": {"batch_size": 4.2415079711299875, "dropout_rate": 0.657001261363882, "gamma": 2.4232128595040683, "kernel_size": 3.1777690380577974, "lr": 0.008698774599449647, "num_filters": 4.901015222669787}, "datetime": {"datetime": "2024-07-28 10:34:32", "elapsed": 4477.821096, "delta": 1273.413972}}
{"target": 0.21997646055269598, "params": {"batch_size": 18.0687724156298, "dropout_rate": 0.5476426707748238, "gamma": 5.011213025229239, "kernel_size": 3.195054127306195, "lr": 0.0097804615008542, "num_filters": 4.301793179313093}, "datetime": {"datetime": "2024-07-28 11:06:50", "elapsed": 6415.578192, "delta": 1937.757096}}
{"target": 0.421094819666717, "params": {"batch_size": 9.385144753965832, "dropout_rate": 0.3653308133667308, "gamma": 7.63404439902036, "kernel_size": 4.668942233664744, "lr": 0.005494507289689132, "num_filters": 4.851076061488834}, "datetime": {"datetime": "2024-07-28 11:43:45", "elapsed": 8630.707183, "delta": 2215.128991}}
