{"target": 0.7127358230527566, "params": {"batch_size": 15.673093463359463, "dropout_rate": 0.042223002048754565, "gamma": 6.4189940355145065, "kernel_size": 7.962953336926745, "lr": 0.009659422717585993, "num_filters": 6.066770605479945}, "datetime": {"datetime": "2024-07-08 15:41:29", "elapsed": 0.0, "delta": 0.0}}
{"target": 0.7245846445981714, "params": {"batch_size": 18.743809526497174, "dropout_rate": 0.04482540193135215, "gamma": 5.194032495569918, "kernel_size": 5.201820971546535, "lr": 0.0014393645671370446, "num_filters": 5.83380167038317}, "datetime": {"datetime": "2024-07-08 16:56:42", "elapsed": 4512.307995, "delta": 4512.307995}}
{"target": 0.6143320857656578, "params": {"batch_size": 8.400541658213093, "dropout_rate": 0.16742351676864003, "gamma": 4.93236595128122, "kernel_size": 7.2744203300304795, "lr": 0.008763326938424366, "num_filters": 5.86486003903944}, "datetime": {"datetime": "2024-07-08 18:26:14", "elapsed": 9884.26423, "delta": 5371.956235}}
{"target": 0.700488787637787, "params": {"batch_size": 8.871770750161271, "dropout_rate": 0.4752785721771142, "gamma": 7.381728724416857, "kernel_size": 7.062638690895258, "lr": 0.009126496418256342, "num_filters": 5.612059765875119}, "datetime": {"datetime": "2024-07-08 20:18:10", "elapsed": 16600.706562, "delta": 6716.442332}}
{"target": 0.7448329145974867, "params": {"batch_size": 12.50970368562759, "dropout_rate": 0.49261918355465384, "gamma": 6.760348450228233, "kernel_size": 3.947724374082448, "lr": 0.006678258617131247, "num_filters": 5.4222199724226785}, "datetime": {"datetime": "2024-07-08 21:46:57", "elapsed": 21927.817123, "delta": 5327.110561}}
{"target": 0.5258419564253008, "params": {"batch_size": 16.689216382665432, "dropout_rate": 0.31078649281079745, "gamma": 3.0286038918205698, "kernel_size": 9.481048873914052, "lr": 0.007009132783170978, "num_filters": 4.342916356295043}, "datetime": {"datetime": "2024-07-08 23:49:05", "elapsed": 29256.067767, "delta": 7328.250644}}
{"target": 0.5236019579622206, "params": {"batch_size": 10.5122537020709, "dropout_rate": 0.37665486102829626, "gamma": 4.7085332580856525, "kernel_size": 10.915493785541852, "lr": 0.009333264835339531, "num_filters": 5.84404777347944}, "datetime": {"datetime": "2024-07-09 01:53:52", "elapsed": 36742.942826, "delta": 7486.875059}}
{"target": 0.49059711941037804, "params": {"batch_size": 6.590994423197303, "dropout_rate": 0.034156176083317, "gamma": 7.478353650388485, "kernel_size": 11.23689299867786, "lr": 0.007540226446688553, "num_filters": 5.907681878058678}, "datetime": {"datetime": "2024-07-09 04:47:25", "elapsed": 47155.359321, "delta": 10412.416495}}
{"target": 0.7144842068108384, "params": {"batch_size": 4.941667569775945, "dropout_rate": 0.2131048966152262, "gamma": 2.3110464449708026, "kernel_size": 4.148848370972521, "lr": 0.000307967254170145, "num_filters": 5.788235989901632}, "datetime": {"datetime": "2024-07-09 06:00:01", "elapsed": 51511.974031, "delta": 4356.61471}}
{"target": 0.6643685583274842, "params": {"batch_size": 12.184546727583264, "dropout_rate": 0.20221289630499029, "gamma": 6.483225251225758, "kernel_size": 4.55649780608351, "lr": 0.003954504119370735, "num_filters": 4.2871110297677095}, "datetime": {"datetime": "2024-07-09 07:59:52", "elapsed": 58702.339198, "delta": 7190.365167}}
{"target": 0.533790667550327, "params": {"batch_size": 11.670880113860548, "dropout_rate": 0.45636275780521923, "gamma": 3.580429495378902, "kernel_size": 4.895375232083718, "lr": 0.007037914763554842, "num_filters": 4.567720146473894}, "datetime": {"datetime": "2024-07-09 08:47:11", "elapsed": 61541.90641, "delta": 2839.567212}}
{"target": 0.08716956932431648, "params": {"batch_size": 12.472730314963655, "dropout_rate": 0.1591998253628441, "gamma": 7.297655188249891, "kernel_size": 9.511080613412998, "lr": 0.009047893313886493, "num_filters": 3.0985808601324676}, "datetime": {"datetime": "2024-07-09 09:53:37", "elapsed": 65527.388812, "delta": 3985.482402}}
